<?xml version="1.0" encoding="UTF-8"?>
<!-- Generated by org.testng.reporters.JUnitReportReporter -->
<testsuite hostname="CHAKRI" failures="0" tests="3" name="com.framework.runners.RegressionRunner" time="25.237" errors="0" timestamp="2025-09-12T12:01:56 IST" skipped="0">
  <testcase classname="com.framework.runners.RegressionRunner" name="runScenario" time="7.508"/>
  <testcase classname="com.framework.runners.RegressionRunner" name="runScenario" time="10.002"/>
  <testcase classname="com.framework.runners.RegressionRunner" name="runScenario" time="7.727"/>
</testsuite> <!-- com.framework.runners.RegressionRunner -->
