<?xml version="1.0" encoding="UTF-8"?>
<!-- Generated by org.testng.reporters.JUnitReportReporter -->
<testsuite hostname="CHAKRI" failures="0" tests="5" name="com.framework.runners.TestRunner" time="41.965" errors="0" timestamp="2025-09-13T16:21:21 IST" skipped="0">
  <testcase classname="com.framework.runners.TestRunner" name="runScenario" time="10.724"/>
  <testcase classname="com.framework.runners.TestRunner" name="runScenario" time="7.926"/>
  <testcase classname="com.framework.runners.TestRunner" name="runScenario" time="7.817"/>
  <testcase classname="com.framework.runners.TestRunner" name="runScenario" time="7.745"/>
  <testcase classname="com.framework.runners.TestRunner" name="runScenario" time="7.753"/>
</testsuite> <!-- com.framework.runners.TestRunner -->
