<?xml version="1.0" encoding="UTF-8"?>
<!-- Generated by org.testng.reporters.JUnitReportReporter -->
<testsuite hostname="CHAKRI" failures="0" tests="1" name="com.framework.runners.TestRunner" time="11.019" errors="0" timestamp="2025-09-19T21:27:42 IST" skipped="0">
  <testcase classname="com.framework.runners.TestRunner" name="runScenario" time="11.019"/>
</testsuite> <!-- com.framework.runners.TestRunner -->
